<?xml version="1.0" encoding="UTF-8"?>
<!-- Generated by org.testng.reporters.JUnitReportReporter -->
<testsuite hostname="Pavithra" failures="0" tests="1" name="com.selenium.demo.GoogleTest" time="3.595" errors="0" timestamp="2025-08-08T11:13:35 IST" skipped="0">
  <testcase classname="com.selenium.demo.GoogleTest" name="openGoogleHomePage" time="3.595"/>
</testsuite> <!-- com.selenium.demo.GoogleTest -->
